<?xml version="1.0" encoding="UTF-8"?>
<testsuite name="ContactsTest" tests="1" skipped="0" failures="0" errors="0" timestamp="2020-11-09T00:40:32" hostname="JPMac.lan" time="0.573">
  <properties/>
  <testcase name="start" classname="ContactsTest" time="0.573"/>
  <system-out><![CDATA[?[1;31m
Start test 1?[0m
open phonebook.db

[menu] Enter action (add, list, search, count, exit): > exit
?[1;31m
Start test 2?[0m
open phonebook.db

[menu] Enter action (add, list, search, count, exit): > count
The Phone Book has 0 records.

[menu] Enter action (add, list, search, count, exit): > exit
?[1;31m
Start test 3?[0m
open phonebook.db

[menu] Enter action (add, list, search, count, exit): > add
Enter the type (person, organization): > person
Name: > John
Surname: > Smith
Birth date: > 
Gender: > 
Number: > 123 456 789

[menu] Enter action (add, list, search, count, exit): > count
The Phone Book has 1 records.

[menu] Enter action (add, list, search, count, exit): > exit
?[1;31m
Start test 4?[0m
open phonebook.db

[menu] Enter action (add, list, search, count, exit): > add
Enter the type (person, organization): > person
Name: > John
Surname: > Smith
Birth date: > 
Gender: > 
Number: > 123 456 789

[menu] Enter action (add, list, search, count, exit): > list
1. John Smith

[list] Enter action ([number], back): > 1
Name: John
Surname: Smith
Birth date: [no data]
Gender: [no data]
Number: 123 456 789
Time created: 2020-11-08T19:40:32.550995
Time last edit: 2020-11-08T19:40:32.551018

[record] Enter action (edit, delete, menu): > menu

[menu] Enter action (add, list, search, count, exit): > exit
?[1;31m
Start test 5?[0m
open phonebook.db

[menu] Enter action (add, list, search, count, exit): > add
Enter the type (person, organization): > organization
Organization name: > Pizza Shop
Address: > Wall St. 1
Number: > +0 (123) 456-789-9999

[menu] Enter action (add, list, search, count, exit): > list
1. Pizza Shop

[list] Enter action ([number], back): > 1
Organization name: Pizza Shop
Address: Wall St. 1
Number: +0 (123) 456-789-9999
Time created: 2020-11-08T19:40:32.650801
Time last edit: 2020-11-08T19:40:32.650834

[record] Enter action (edit, delete, menu): > menu

[menu] Enter action (add, list, search, count, exit): > exit
?[1;31m
Start test 6?[0m
open phonebook.db

[menu] Enter action (add, list, search, count, exit): > add
Enter the type (person, organization): > person
Name: > John
Surname: > Smith
Birth date: > 
Gender: > 
Number: > 123 456 789

[menu] Enter action (add, list, search, count, exit): > list
1. John Smith

[list] Enter action ([number], back): > 1
Name: John
Surname: Smith
Birth date: [no data]
Gender: [no data]
Number: 123 456 789
Time created: 2020-11-08T19:40:32.684656
Time last edit: 2020-11-08T19:40:32.684688

[record] Enter action (edit, delete, menu): > edit
Select a field ( name, surname, birth, gender, number): > gender
Enter gender: > M
Saved
Name: John
Surname: Smith
Birth date: [no data]
Gender: M
Number: 123 456 789
Time created: 2020-11-08T19:40:32.684656
Time last edit: 2020-11-08T19:40:32.684688

[record] Enter action (edit, delete, menu): > menu

[menu] Enter action (add, list, search, count, exit): > list
1. John Smith

[list] Enter action ([number], back): > 1
Name: John
Surname: Smith
Birth date: [no data]
Gender: M
Number: 123 456 789
Time created: 2020-11-08T19:40:32.684656
Time last edit: 2020-11-08T19:40:32.684688

[record] Enter action (edit, delete, menu): > menu

[menu] Enter action (add, list, search, count, exit): > exit
?[1;31m
Start test 7?[0m
open phonebook.db

[menu] Enter action (add, list, search, count, exit): > add
Enter the type (person, organization): > organization
Organization name: > Pizza Shop
Address: > Wall St. 1
Number: > +0 (123) 456-789-9999

[menu] Enter action (add, list, search, count, exit): > list
1. Pizza Shop

[list] Enter action ([number], back): > 1
Organization name: Pizza Shop
Address: Wall St. 1
Number: +0 (123) 456-789-9999
Time created: 2020-11-08T19:40:32.752191
Time last edit: 2020-11-08T19:40:32.752225

[record] Enter action (edit, delete, menu): > edit
Select a field ( orgname, address, number): > address
Enter address: > Wall St 2
Saved
Organization name: Pizza Shop
Address: Wall St 2
Number: +0 (123) 456-789-9999
Time created: 2020-11-08T19:40:32.752191
Time last edit: 2020-11-08T19:40:32.752225

[record] Enter action (edit, delete, menu): > menu

[menu] Enter action (add, list, search, count, exit): > list
1. Pizza Shop

[list] Enter action ([number], back): > 1
Organization name: Pizza Shop
Address: Wall St 2
Number: +0 (123) 456-789-9999
Time created: 2020-11-08T19:40:32.752191
Time last edit: 2020-11-08T19:40:32.752225

[record] Enter action (edit, delete, menu): > menu

[menu] Enter action (add, list, search, count, exit): > exit
?[1;31m
Start test 8?[0m
open phonebook.db

[menu] Enter action (add, list, search, count, exit): > add
Enter the type (person, organization): > organization
Organization name: > Pizza Shop
Address: > Wall St. 1
Number: > +0 (123) 456-789-9999

[menu] Enter action (add, list, search, count, exit): > add
Enter the type (person, organization): > person
Name: > John
Surname: > Smith
Birth date: > 
Gender: > 
Number: > 123 456 789

[menu] Enter action (add, list, search, count, exit): > add
Enter the type (person, organization): > organization
Organization name: > PizzaNuts
Address: > Wall St. 6
Number: > +0 (123) 456-789-9999

[menu] Enter action (add, list, search, count, exit): > search
Enter the search query: > pizz
Found 2 results: 
1. Pizza Shop
2. PizzaNuts

[search] Enter action ([number]), back, again): > 1
Organization name: Pizza Shop
Address: Wall St. 1
Number: +0 (123) 456-789-9999
Time created: 2020-11-08T19:40:32.814887
Time last edit: 2020-11-08T19:40:32.814917

[record] Enter action (edit, delete, menu): > menu

[menu] Enter action (add, list, search, count, exit): > exit
?[1;31m
Start test 9?[0m
open phonebook.db

[menu] Enter action (add, list, search, count, exit): > add
Enter the type (person, organization): > organization
Organization name: > Pizza Shop
Address: > Wall St. 1
Number: > +0 (123) 456-789-9999

[menu] Enter action (add, list, search, count, exit): > add
Enter the type (person, organization): > person
Name: > John
Surname: > Smith
Birth date: > 
Gender: > 
Number: > 123 456 789

[menu] Enter action (add, list, search, count, exit): > add
Enter the type (person, organization): > organization
Organization name: > PizzaNuts
Address: > Wall St. 6
Number: > +0 (123) 456-789-9999

[menu] Enter action (add, list, search, count, exit): > search
Enter the search query: > s
Found 5 results: 
1. Pizza Shop
2. Pizza Shop
3. John Smith
4. PizzaNuts
5. PizzaNuts

[search] Enter action ([number]), back, again): > 1
Organization name: Pizza Shop
Address: Wall St. 1
Number: +0 (123) 456-789-9999
Time created: 2020-11-08T19:40:32.870698
Time last edit: 2020-11-08T19:40:32.870727

[record] Enter action (edit, delete, menu): > menu

[menu] Enter action (add, list, search, count, exit): > exit
?[1;31m
Start test 10?[0m
open phonebook.db

[menu] Enter action (add, list, search, count, exit): > add
Enter the type (person, organization): > organization
Organization name: > Pizza Shop
Address: > Wall St. 1
Number: > +0 (123) 456-789-9999

[menu] Enter action (add, list, search, count, exit): > add
Enter the type (person, organization): > person
Name: > John
Surname: > Smith
Birth date: > 
Gender: > 
Number: > 123 456 789

[menu] Enter action (add, list, search, count, exit): > add
Enter the type (person, organization): > organization
Organization name: > PizzaNuts
Address: > Wall St. 6
Number: > +0 (123) 456-781-9999

[menu] Enter action (add, list, search, count, exit): > search
Enter the search query: > 789
Found 2 results: 
1. Pizza Shop
2. John Smith

[search] Enter action ([number]), back, again): > 1
Organization name: Pizza Shop
Address: Wall St. 1
Number: +0 (123) 456-789-9999
Time created: 2020-11-08T19:40:32.927813
Time last edit: 2020-11-08T19:40:32.927846

[record] Enter action (edit, delete, menu): > menu

[menu] Enter action (add, list, search, count, exit): > exit
]]></system-out>
  <system-err><![CDATA[]]></system-err>
</testsuite>
